<?xml version="1.0" encoding="UTF-8"?>
<!-- Generated by org.testng.reporters.JUnitReportReporter -->
<testsuite skipped="0" hostname="tejas-PC" name="test.MyClass" tests="1" failures="0" timestamp="31 Oct 2017 18:33:31 GMT" time="11.991" errors="0">
  <testcase name="foo" time="11.991" classname="test.MyClass"/>
</testsuite> <!-- test.MyClass -->
