<?xml version="1.0" encoding="UTF-8"?>
<!-- Generated by org.testng.reporters.JUnitReportReporter -->
<testsuite hostname="tejas-PC" name="test.MyClass" tests="1" failures="0" timestamp="1 Nov 2017 17:31:17 GMT" time="24.384" errors="0">
  <testcase name="foo" time="24.384" classname="test.MyClass"/>
</testsuite> <!-- test.MyClass -->
